23.16
0.00
0.50
0.20
0.00
0.10
0.10
0.10
3.60
0.20
1.30
12.70
0.00
0.10
0.20
0.10
0.00
0.60
0.10
0.10
0.40
0.40
2.00
0.00
0.00
0.00
0.90
0.00
0.00
0.10
0.20
0.00
4.00
0.10
2.00
2.40
2.40
0.50
16.10
10.80
0.00
0.00
0.10
0.00
0.40
0.00
0.00
0.00
0.10
0.00
0.80
0.10
0.70
0.00
0.00
0.10
0.70
0.10
0.00
0.00
0.10
0.10
0.50
0.10
0.50
0.20
0.40
0.20
0.40
0.10
0.00
0.00
0.00
0.10
0.10
0.10
0.00
0.00
0.10
0.00
0.20
0.10
0.10
0.00
0.00
0.10
0.80
0.00
0.30
0.00
0.00
0.20
4.30
0.10
1.60
3.00
2.40
0.60
16.00
10.60
0.00
0.00
0.00
0.00
0.20
0.10
0.00
0.00
0.00
0.10
0.50
0.00
0.10
0.00
0.10
0.00
0.30
0.00
0.00
0.10
0.00
0.00
0.80
0.20
0.00
0.20
1.40
0.20
0.30
0.20
0.00
0.00
0.00
0.00
0.20
0.00
0.00
0.00
0.10
0.00
7.60
7.20
0.20
0.10
0.00
0.00
1.10
0.00
0.00
0.00
0.00
0.00
4.40
0.10
2.40
2.50
3.30
0.40
17.80
24.40
22.20
0.10
0.00
0.10
0.20
1.30
0.00
0.00
0.00
0.00
0.60
0.20
0.10
0.00
0.00
0.10
0.20
0.00
0.00
0.00
0.00
0.10
0.40
0.20
0.00
0.10
0.30
0.20
0.20
0.10
0.20
0.00
0.80
2.00
0.30
0.00
0.00
0.00
0.10
0.00
0.20
0.20
0.20
0.00
0.00
0.00
1.20
1.20
1.80
0.10
0.00
0.00
4.00
0.30
2.00
2.50
2.80
0.70
12.80
11.40
0.00
0.00
0.00
0.10
2.10
12.50
0.00
0.00
2.70
23.20
0.50
0.30
0.00
0.10
0.00
0.00
0.20
0.10
0.00
0.00
0.00
0.00
0.40
0.30
0.30
44.90
0.10
0.10
0.40
0.10
0.00
0.00
0.00
0.10
3.80
12.60
0.00
0.00
0.10
0.00
0.20
0.10
0.20
0.00
0.00
0.10
0.90
0.00
0.10
0.00
0.00
0.10
3.60
0.10
2.20
1.90
3.10
0.20
18.00
10.00
0.00
0.00
0.00
0.00
0.20
0.10
0.10
0.00
0.10
0.30
0.40
0.10
0.10
0.00
0.00
0.10
0.30
0.00
0.00
0.10
0.00
0.00
0.60
0.10
0.00
0.30
0.10
0.10
0.20
0.10
0.00
0.00
0.00
0.00
0.20
0.10
0.00
0.00
0.00
0.10
0.20
0.10
0.10
0.00
0.10
0.00
0.70
0.00
0.00
0.00
0.10
0.00
4.50
0.20
2.10
3.00
1.90
1.90
17.40
9.10
0.00
0.00
0.00
0.00
0.30
0.00
0.00
0.10
0.10
0.00
0.40
0.00
0.20
0.00
0.00
0.00
0.20
0.10
0.00
0.00
0.00
0.00
0.60
0.10
0.00
0.40
0.30
0.40
0.20
0.20
0.00
0.00
0.00
0.00
0.30
0.00
0.00
0.00
0.10
0.00
0.20
0.10
0.00
0.10
0.00
0.00
0.70
0.10
0.00
0.10
0.00
0.00
3.70
0.20
1.10
2.60
2.70
0.70
16.20
11.80
0.00
0.00
0.00
0.00
0.20
0.00
0.00
0.00
0.10
0.00
0.30
0.10
0.10
0.00
0.00
0.10
0.20
0.00
0.00
0.00
0.00
0.00
2.80
0.20
0.00
0.40
0.20
0.40
0.30
0.10
0.00
0.00
0.00
0.00
0.10
0.10
0.00
0.00
0.10
0.00
0.10
0.20
0.10
0.00
0.10
0.00
4.70
0.10
0.00
0.00
0.00
0.00
2.70
0.10
3.80
3.10
2.10
0.40
23.20
2.30
0.00
0.00
0.00
0.00
0.10
0.10
0.00
0.00
0.00
0.00
0.50
0.10
0.10
0.00
0.10
0.00
0.10
0.20
0.00
0.00
0.00
0.00
0.60
0.20
0.30
0.40
0.30
0.10
0.40
0.10
0.00
0.00
0.00
0.00
0.20
0.10
0.10
0.00
0.00
0.00
0.20
0.20
0.10
0.00
0.00
0.00
1.10
0.70
0.00
0.00
0.00
0.00
2.50
0.70
2.30
2.90
1.60
4.70
21.20
1.70
22.58
0.00
0.00
0.00
0.20
0.10
0.00
0.00
0.00
0.00
0.10
0.60
0.10
0.00
0.10
0.00
0.00
0.30
0.00
0.00
0.00
0.00
0.20
0.50
0.20
0.40
0.30
0.10
0.20
0.50
2.10
0.10
0.00
0.00
0.10
0.30
0.00
0.00
0.00
0.00
0.20
0.20
0.20
0.00
0.10
0.00
0.10
0.90
0.00
0.00
0.00
0.00
6.60
0.50
1.10
3.00
2.50
0.60
15.30
11.70
0.30
0.00
0.10
0.00
0.00
0.20
0.00
0.00
0.10
0.00
0.00
0.50
0.10
0.10
0.00
0.00
0.00
0.20
0.00
0.00
0.10
0.00
0.10
0.30
0.10
0.50
0.40
0.30
0.20
0.20
0.30
0.00
0.30
0.00
0.00
0.10
0.10
0.00
0.10
0.00
0.00
0.20
0.20
0.00
0.10
0.00
0.20
0.90
0.10
0.00
0.00
0.00
3.60
0.40
2.30
2.60
2.60
0.10
19.40
6.80
0.10
0.10
0.10
0.00
0.00
0.10
0.10
0.00
0.10
0.00
0.00
0.40
0.30
0.00
0.00
0.00
0.10
0.20
1.80
0.10
0.10
0.00
0.20
1.00
1.70
2.10
2.60
1.90
2.30
1.80
2.10
1.70
2.00
2.10
1.90
2.00
1.90
2.10
1.80
2.00
1.40
1.40
0.90
0.30
0.00
0.00
0.00
0.70
0.10
0.10
0.00
0.00
3.40
0.50
2.10
2.50
2.90
0.90
14.50
12.80
0.10
0.40
0.40
0.30
0.40
0.40
0.30
0.40
0.30
0.30
0.10
0.50
0.30
0.20
0.10
0.00
0.00
0.20
658.30
766.70
560.40
498.60
168.40
0.50
26.10
16.80
1.80
2.40
4.30
3.60
2.60
3.00
7.00
8.20
9.30
9.30
9.20
8.80
0.10
0.00
123.00
230.30
262.20
297.60
171.40
294.80
215.80
171.30
435.30
131.10
124.90
92.80
126.70
243.00
139.10
96.90
107.60
145.30
266.93
353.40
361.00
212.50
161.90
223.30
161.90
353.20
36.20
44.90
295.00
100.10
112.30
146.70
84.40
157.70
135.70
125.20
130.60
237.70
183.40
458.70
611.30
592.30
578.70
515.70
563.30
328.60
499.20
473.10
295.10
176.00
420.60
0.90
1.30
1.40
2.00
1.60
1.50
1.10
1.30
1.20
1.20
1.50
1.80
1.20
1.10
1.10
1.30
18.30
16.80
10.40
8.90
5.40
10.10
4.20
2.90
4.10
3.80
3.80
7.90
27.70
4.50
0.90
320.20
611.50
717.40
644.40
314.50
260.70
115.30
62.10
26.50
14.30
1.70
0.20
0.20
0.10
0.20
0.30
0.80
18.80
402.50
926.80
1033.10
1148.80
1302.00
389.80
883.90
656.20
237.50
350.90
350.60
517.10
331.50
159.20
427.70
54.40
32.30
260.00
162.60
197.90
318.30
342.60
181.20
229.50
231.60
75.50
0.00
28.00
28.00
0.10
0.30
2.20
36.30
7.00
2.40
6.40
240.60
390.90
385.10
338.80
323.00
591.10
574.50
385.20
148.75
104.30
737.40
657.80
286.10
103.50
121.00
276.60
315.18
635.84
216.90
683.10
184.40
220.10
259.50
357.50
173.00
396.50
294.40
209.60
80.10
98.30
89.40
50.80
86.30
106.10
107.50
174.10
212.50
100.60
204.50
196.80
117.60
166.10
179.40
90.60
196.10
74.90
84.90
77.30
340.10
754.30
689.20
110.00
159.40
144.20
167.40
93.30
383.90
434.80
112.60
134.90
108.80
113.30
99.00
317.00
110.90
112.60
149.10
160.40
205.60
287.40
227.60
294.40
295.50
474.90
219.00
327.60
235.90
142.60
0.80
0.00
0.10
26.90
88.10
35.50
357.50
0.00
3.40
0.40
22.30
7.00
0.10
0.50
134.60
0.20
0.20
115.60
0.00
88.20
301.80
139.80
181.80
151.70
229.60
177.30
128.80
229.60
134.27
29.30
168.00
68.10
102.10
116.80
8.00
0.00
4.10
26.70
4.00
0.70
195.90
158.00
97.00
221.60
29.00
14.90
3.80
0.40
4.20
747.20
442.50
0.10
6.60
0.40
1.40
0.10
0.00
0.30
0.20
0.00
0.00
201.20
198.80
0.20
0.10
0.10
0.00
0.00
0.10
0.30
0.10
0.10
0.00
0.00
4.20
0.20
0.10
0.30
2.80
0.60
0.40
79.30
100.60
132.80
224.50
210.40
235.70
107.90
0.50
0.00
0.00
0.10
0.00
1.60
4.40
16.40
0.10
0.00
18.80
0.50
4.70
4.00
2.10
0.20
33.50
179.50
144.66
60.80
17.90
1.30
0.20
0.10
0.10
0.40
205.20
39.40
0.20
0.40
0.30
0.00
0.00
226.50
161.20
0.10
0.10
4.70
0.80
1.50
1.00
5.40
0.80
1.10
23.80
603.70
659.90
616.00
340.30
282.90
216.60
255.70
212.40
1206.40
978.60
222.50
253.20
402.70
226.50
481.30
327.50
402.30
176.90
82.90
39.60
31.00
537.70
0.10
0.20
0.70
66.50
133.90
128.00
18.70
13.70
71.80
69.80
18.40
328.70
155.70
52.10
0.20
0.30
3.80
1.90
0.40
2.50
0.10
0.20
4.30
0.50
0.00
0.20
195.10
318.80
238.70
53.90
1.10
39.90
8.90
39.20
0.80
2.60
347.60
259.90
9.40
26.20
1.20
0.10
0.80
12.50
60.94
2.20
2.10
7.90
2.40
63.00
36.40
2.90
3.50
3.60
3.50
7.00
36.50
5.20
4.10
3.80
3.60
3.90
3.70
40.10
45.60
6.90
6.70
6.60
4.00
16.70
21.30
14.00
13.40
98.90
234.80
231.50
165.80
213.80
0.60
1.30
0.30
1.60
0.90
0.50
0.50
0.70
2.50
3.60
3.80
8.30
9.00
1.70
0.90
0.20
0.70
1.50
9.70
0.20
0.10
0.10
0.30
0.30
0.20
0.00
0.10
0.00
0.10
0.40
0.00
0.10
8.50
210.50
233.90
129.10
0.20
7.10
0.00
8.10
0.60
0.10
0.00
0.00
1.40
29.20
1.20
3.10
3.30
4.80
3.70
17.70
64.80
72.00
59.70
0.70
1.00
0.70
1.00
0.80
0.70
0.90
0.70
0.30
12.10
1.00
0.80
0.50
0.70
1.10
0.70
0.40
0.50
0.70
1.10
1.00
0.60
0.80
0.30
0.60
0.60
0.70
1.70
0.60
1.50
1.70
1.40
156.80
1163.50
0.70
1.30
1.10
1.20
100.60
1.40
0.90
1.00
1.10
1.00
1.00
1.70
0.40
0.70
0.70
0.80
4.50
1.30
2.30
3.10
4.80
1.70
13.70
14.50
0.90
1.00
0.70
1.40
0.90
1.00
0.60
0.60
0.70
0.70
0.50
1.20
0.60
0.30
1.20
1.20
0.70
0.70
0.60
0.50
1.40
0.90
4.40
0.50
0.50
4.60
5.00
0.80
0.90
1.00
0.90
0.80
0.70
0.80
0.50
0.60
0.40
0.50
0.40
0.70
0.80
1.30
0.60
0.50
1.10
0.80
24.10
1.50
0.40
0.20
0.20
0.20
3.30
1.00
2.40
3.30
2.30
1.10
14.60
10.90
0.30
0.50
0.50
0.30
0.40
0.70
0.40
1.10
0.90
0.80
0.30
0.80
0.30
0.70
1.40
0.90
1.00
0.30
0.30
0.30
0.90
0.50
0.90
1.20
0.50
0.60
0.20
0.80
0.90
1.90
0.90
1.00
0.60
1.00
1.00
2.00
1.70
0.80
1.60
1.00
1.50
0.80
0.70
1.40
0.10
0.40
0.80
1.00
1.30
0.70
1.30
1.80
5.00
1.80
1.70
4.30
2.90
1.50
12.80
14.70
2.90
0.40
1.30
0.50
1.00
1.60
1.30
0.50
0.50
1.50
1.40
0.70
0.90
0.60
0.30
0.90
0.90
1.40
0.40
0.80
1.00
0.70
1.30
0.50
0.70
0.50
0.30
1.50
0.60
0.60
2.70
1.00
0.40
1.70
1.10
0.40
1.20
1.10
1.30
1.30
0.80
0.90
1.40
1.10
0.20
1.10
0.80
1.30
2.20
0.30
1.10
0.90
6.30
0.40
2.80
3.70
3.00
1.70
21.50
5.70
0.60
0.90
2.10
4.60
4.90
4.90
6.10
5.80
7.10
6.80
7.40
7.00
8.00
6.40
6.79
7.60
8.80
9.40
8.80
9.30
8.40
9.90
8.20
9.90
8.80
9.50
8.70
9.40
6.80
7.10
6.50
10.40
11.10
9.90
9.50
2.10
4.40
3.60
0.90
2.40
2.20
2.60
2.20
2.30
1.90
2.10
1.00
0.90
2.80
1.50
0.50
1.30
7.60
2.70
5.30
4.60
4.20
3.10
11.80
15.50
4.30
1.20
2.50
1.10
0.90
1.80
2.20
3.00
1.20
1.50
1.30
2.30
2.30
2.40
2.00
2.10
2.10
1.00
1.90
2.40
2.70
1.70
1.90
1.30
2.10
1.70
1.70
2.30
504.70
122.60
1.90
0.60
1.00
27.30
121.30
1.40
2.60
1.00
1.80
1.30
1.60
2.50
326.70
258.20
134.50
0.50
1.40
2.20
377.50
321.00
65.20
0.60
1.10
2.20
3.00
3.90
29.70
7.60
54.30
10.70
133.10
88.70
2.60
1.60
0.30
1.20
2.20
2.30
2.10
2.80
50.10
108.90
379.40
936.60
1013.70
999.40
1008.70
901.50
1002.80
906.90
911.60
971.90
850.40
923.00
892.70
881.60
918.60
788.60
870.00
830.60
880.60
798.00
707.60
742.60
791.40
840.10
905.30
924.80
938.50
781.10
901.80
852.40
887.80
842.50
846.30
849.80
875.70
738.80
822.80
769.50
1202.20
450.10
732.40
779.30
727.50
803.80
838.10
836.10
841.60
828.00
839.00
777.40
745.20
766.10
821.90
764.70
782.40
695.80
772.50
1006.90
318.20
608.00
766.13
766.20
757.50
781.30
785.40
723.00
822.60
710.80
687.20
676.10
643.60
633.60
528.40
557.90
612.70
587.80
666.30
634.20
635.10
653.50
592.40
704.20
548.70
583.30
587.20
603.00
528.50
521.90
670.10
633.30
536.50
576.20
597.90
649.60
556.90
602.50
528.00
614.30
658.20
587.20
536.10
546.30
659.90
596.60
577.30
634.00
698.30
743.90
645.50
602.90
649.30
552.20
585.40
580.60
613.60
610.20
570.40
571.30
637.10
520.90
585.20
418.70
357.10
363.40
277.40
368.20
238.40
251.20
261.60
194.90
90.30
65.90
73.80
26.20
52.70
72.40
52.80
142.30
153.30
0.20
0.20
0.80
40.50
0.60
0.10
0.10
0.60
0.00
0.60
0.10
0.60
0.90
0.00
0.00
0.20
112.70
252.80
89.30
0.10
1.30
0.30
0.20
0.10
1.00
0.20
0.00
0.20
179.80
473.00
347.00
1.20
0.30
0.60
2.00
38.70
1.50
0.30
0.30
1.00
0.70
0.20
0.60
0.00
0.20
0.10
0.40
0.20
0.30
0.20
0.60
37.30
129.80
215.00
410.20
521.40
572.00
582.00
557.10
479.80
650.60
555.50
484.10
581.20
581.40
592.30
582.70
612.00
697.50
686.50
582.80
530.00
436.40
565.30
522.10
534.40
514.50
523.70
971.00
333.20
532.70
564.20
501.90
512.50
510.80
567.10
525.70
509.80
499.10
492.10
455.10
432.30
456.30
483.40
472.20
480.10
536.60
442.20
538.10
512.90
516.70
511.60
504.10
493.90
510.40
489.30
373.50
384.20
375.50
384.30
310.10
346.80
352.00
364.40
392.80
316.60
378.50
339.20
372.90
261.80
338.70
329.30
284.20
343.50
298.80
354.40
329.90
300.50
285.20
297.30
478.40
313.50
311.40
252.75
425.00
368.80
318.10
342.20
249.80
372.00
358.10
295.90
327.10
343.40
391.70
355.90
354.10
343.70
344.90
295.00
361.80
321.10
308.00
357.80
338.20
299.70
313.30
295.00
292.10
129.20
217.10
158.40
0.10
0.10
0.00
229.90
393.30
0.10
0.20
0.70
4.50
4.60
4.20
4.60
4.50
3.60
13.00
3.70
3.80
3.80
4.50
3.90
4.10
4.30
4.00
3.90
4.60
3.90
4.50
3.60
3.80
4.40
8.30
4.60
3.90
4.20
4.20
4.50
4.40
5.00
4.00
4.20
4.00
4.10
4.50
317.30
4.10
4.10
4.40
41.00
102.70
4.20
4.30
4.20
4.10
4.40
4.90
4.00
3.80
3.90
2.40
15.80
0.40
0.20
0.20
0.20
0.90
0.40
0.30
2.20
2.40
0.30
0.20
0.60
0.30
0.30
0.30
0.20
0.20
0.40
0.40
0.10
0.20
1.30
0.60
0.40
0.40
0.20
0.30
57.90
0.40
0.40
0.20
0.00
0.00
0.20
0.00
0.60
0.30
1.40
0.20
0.10
0.00
0.10
0.20
0.10
0.00
0.10
0.00
0.20
0.20
0.00
0.00
0.00
0.00
0.10
0.20
0.00
0.10
0.00
0.00
0.60
0.10
0.10
0.00
0.00
0.00
0.20
0.10
0.10
0.10
0.80
0.00
0.30
3.40
0.10
0.10
0.00
0.00
0.40
0.10
0.00
0.00
0.00
0.00
0.10
0.10
0.10
0.00
0.00
0.00
0.20
0.30
0.00
0.00
20.50
0.00
0.70
0.10
0.00
0.00
0.10
0.00
4.90
0.10
0.10
0.10
0.00
0.00
0.30
0.10
0.00
0.00
0.10
0.00
0.10
0.10
0.10
0.00
0.00
0.00
0.40
0.10
0.10
0.00
0.10
0.00
0.20
0.20
0.00
0.00
0.10
0.00
0.20
0.30
0.00
0.20
0.00
0.00
0.10
0.20
0.00
0.00
0.00
1.50
0.30
0.10
0.10
0.00
0.00
0.00
0.20
0.20
0.00
0.00
0.10
0.00
0.70
0.10
0.10
0.00
0.10
0.00
0.10
0.40
0.10
0.00
0.10
0.10
0.30
0.10
0.10
0.00
0.00
0.00
0.10
0.30
0.00
0.00
0.00
0.00
0.40
0.10
0.00
0.00
0.00
0.00
0.10
0.20
0.00
0.00
0.10
0.00
0.40
0.10
0.10
0.00
0.20
0.00
0.10
0.10
0.00
0.00
0.20
0.00
0.10
0.10
0.10
0.00
0.00
0.00
0.10
0.20
0.00
0.00
0.20
0.00
0.80
0.20
0.00
0.00
0.10
0.00
0.10
0.10
0.20
0.00
257.20
623.40
738.80
667.30
610.10
511.10
593.20
355.50
428.00
386.50
261.00
190.30
285.40
0.10
0.40
0.00
0.10
0.30
0.10
0.00
151.00
33.80
0.10
0.10
0.10
0.00
0.20
266.50
0.20
0.10
0.10
216.80
188.60
0.10
0.10
0.10
0.10
0.00
0.00
0.10
0.20
0.00
0.00
0.00
0.20
0.10
0.20
0.00
92.50
0.00
0.00
0.90
0.10
0.00
0.10
0.00
0.00
0.20
0.30
0.00
0.00
0.40
1.00
0.60
0.10
0.00
0.00
0.00
0.00
0.20
0.10
0.00
0.00
0.00
0.20
0.30
0.10
0.00
0.20
0.00
0.10
0.20
0.10
0.00
0.10
0.00
0.00
0.30
0.20
0.80
0.00
0.10
0.20
0.20
0.20
0.00
0.00
0.00
0.00
0.10
0.20
0.00
0.00
0.00
0.00
0.20
0.20
0.00
0.00
0.00
0.00
1.20
0.10
0.00
0.10
0.00
0.30
0.10
0.10
4.10
0.00
0.00
0.40
27.70
0.10
0.00
0.00
0.00
0.00
0.10
0.20
0.00
0.00
0.00
0.20
0.50
0.10
0.00
0.00
0.10
0.00
0.20
0.30
0.00
0.10
0.00
0.00
0.40
0.10
0.00
0.00
0.00
0.20
0.20
0.30
0.00
0.10
0.00
0.00
0.20
0.10
0.00
0.10
0.20
0.20
0.20
0.10
0.00
0.10
0.00
0.10
0.90
0.10
0.00
0.10
0.00
0.00
0.10
0.10
0.00
0.60
150.90
97.40
0.50
0.10
0.00
0.00
0.00
0.00
0.10
0.20
0.00
0.00
0.00
0.20
0.30
0.10
0.00
0.10
0.00
0.00
0.50
0.10
0.00
0.10
0.00
0.40
0.20
0.10
0.00
0.00
0.10
0.00
0.20
0.30
0.00
0.00
0.00
0.00
0.10
0.20
0.00
0.00
0.00
0.10
0.20
0.10
0.00
0.30
0.00
0.00
0.80
0.10
0.00
0.10
0.00
0.10
0.10
0.10
0.00
0.00
0.00
2.50
0.30
0.10
0.10
0.20
0.00
0.00
0.10
0.20
0.00
0.00
0.00
0.10
0.40
0.10
0.00
0.10
0.00
0.00
0.20
0.10
0.10
0.10
0.00
0.00
0.30
0.10
0.00
0.00
0.00
0.00
0.20
0.10
0.00
0.10
0.00
0.00
0.20
0.10
0.10
0.00
0.00
0.00
0.20
0.10
0.00
0.10
0.00
0.00
0.80
0.10
0.00
0.10
0.00
0.30
0.10
0.70
0.00
0.00
0.00
0.20
0.30
0.10
0.00
0.00
0.00
0.20
0.20
0.20
0.00
0.00
0.00
0.00
0.40
0.10
0.00
0.00
0.00
0.00
1.40
0.10
0.00
0.20
0.00
586.90
489.10
790.10
416.50
354.90
425.90
381.50
341.60
395.20
294.10
431.10
397.30
215.30
332.50
310.90
232.70
268.70
364.30
309.00
217.30
306.00
266.80
305.50
371.40
349.00
289.10
396.30
252.30
251.20
156.10
201.20
191.70
265.30
203.90
262.10
232.70
243.00
435.30
47.90
0.50
513.50
578.00
788.01
419.10
321.30
439.70
364.60
345.30
383.00
369.40
407.30
328.10
243.90
268.80
250.40
360.40
348.10
247.50
218.20
201.10
97.30
127.70
231.40
170.90
340.90
150.30
421.20
200.30
7.40
0.00
40.40
14.20
9.40
44.00
39.30
42.60
226.40
356.60
407.80
445.40
174.00
204.20
126.50
129.50
152.20
3.80
0.10
0.00
0.10
0.00
0.00
0.30
0.10
0.00
0.00
0.00
2.00
15.80
14.60
14.00
13.70
10.20
0.10
0.10
0.20
0.20
0.00
0.00
0.10
0.40
0.10
0.00
0.00
0.10
0.10
0.20
0.10
0.00
0.10
0.00
0.00
0.30
0.10
0.00
0.00
0.00
0.00
0.30
0.40
0.30
0.30
8.30
0.10
0.10
0.20
0.00
0.10
0.00
0.20
0.10
0.20
0.00
0.10
0.00
0.00
1.00
0.10
0.00
0.10
0.10
0.00
0.40
0.20
0.00
0.00
0.00
0.10
32.50
0.20
0.00
0.00
0.40
0.00
0.10
0.20
0.00
0.00
0.20
0.10
0.60
0.10
0.00
0.00
0.00
0.00
0.20
0.10
0.10
0.10
0.00
0.00
0.20
0.20
0.00
0.00
0.00
0.00
0.20
0.30
0.00
141.50
481.50
0.00
0.10
0.20
0.00
0.20
0.00
0.30
0.20
0.20
0.10
0.00
0.10
0.10
0.80
0.10
0.00
0.10
0.00
0.10
0.10
0.10
0.00
0.10
0.00
0.00
0.20
0.10
0.10
0.00
0.20
0.00
0.10
0.20
0.00
0.00
0.00
0.20
0.50
0.10
0.00
0.00
0.10
0.00
0.10
0.30
0.20
0.10
0.00
0.00
0.60
0.10
0.00
0.00
0.00
0.00
0.20
0.10
0.00
0.00
0.00
0.20
0.10
0.20
0.00
0.00
0.00
0.00
0.20
0.20
0.00
0.20
0.00
0.00
0.70
0.10
0.20
0.10
0.10
0.00
0.10
0.20
0.00
0.00
0.00
0.00
0.20
0.10
0.00
0.10
0.00
0.00
0.10
0.20
0.00
0.00
0.00
0.10
0.30
0.10
0.00
0.10
0.00
0.10
0.20
0.10
0.00
0.10
0.00
0.00
0.30
0.20
0.10
0.00
0.00
0.00
0.20
0.10
0.10
0.00
0.00
0.00
0.50
0.10
0.00
0.00
0.00
0.00
0.20
0.20
0.00
0.10
0.00
0.00
0.80
0.20
0.00
0.10
0.00
0.00
0.40
0.20
0.10
0.00
0.00
0.10
1.80
0.20
0.00
0.00
0.00
0.00
0.40
0.20
0.00
0.00
0.00
0.00
0.40
10.50
15.30
350.80
439.00
650.60
184.10
110.10
60.10
135.10
2.80
8.90
12.80
5.20
0.10
0.00
0.00
0.60
2.10
9.40
8.40
2.30
2.70
4.50
6.10
7.60
0.60
10.10
5.60
7.40
5.50
5.70
6.00
42.60
5.30
17.30
76.00
323.00
191.70
6.00
34.40
1.50
14.10
121.50
106.10
14.30
10.20
1.00
0.50
1.60
0.00
0.20
0.00
0.10
0.20
0.20
2.30
0.50
317.50
0.20
3.50
4.30
4.30
0.80
0.10
0.90
1.30
1.60
1.80
11.40
19.10
19.80
20.80
41.86
55.70
31.00
2.80
6.30
18.70
21.20
20.40
21.50
22.00
5.20
6.10
3.30
2.40
3.30
2.60
3.40
1.40
8.60
284.70
63.30
89.60
68.70
42.20
62.90
0.30
0.20
0.10
0.10
7.40
2.30
1.50
1.90
0.10
0.70
0.30
0.00
0.20
0.10
0.10
0.10
0.10
0.40
0.10
0.10
0.20
0.10
0.40
1.40
0.30
0.80
2.80
6.70
6.50
11.00
15.30
6.40
6.90
1.40
1.30
1.30
3.10
5.30
6.50
7.40
5.50
1.30
3.00
0.90
1.70
3.50
1.30
1.10
4.00
1.30
1.60
2.90
1.80
10.50
1.80
3.30
2.80
1.00
1.70
1.60
13.60
1.00
3.20
0.70
1.90
6.10
393.50
309.80
13.00
17.90
78.70
122.00
4.00
16.50
63.20
27.00
1.10
2.30
111.90
205.30
0.10
0.10
3.00
20.60
0.40
0.20
0.70
2.40
9.00
7.20
1.90
2.50
12.30
12.40
70.80
1.50
87.90
66.70
148.60
174.60
112.90
58.80
233.40
1.60
1.40
14.60
12.40
14.20
17.00
57.70
1.80
1.70
318.50
1309.90
51.00
0.40
1.60
1.20
1.50
1.50
3.10
4.70
4.00
3.60
5.50
1.80
1.60
1.50
0.60
0.40
0.10
0.20
0.20
0.00
0.20
0.00
0.00
0.60
0.20
0.10
0.20
0.70
0.00
0.30
2.90
2.50
4.10
0.80
2.30
0.00
5.20
1.60
4.20
1.80
4.90
2.60
0.50
5.80
2.20
2.10
3.60
2.10
0.20
1.30
2.70
1.20
6.30
0.70
0.90
0.00
1.60
0.90
1.70
1.60
17.40
32.00
8.30
0.20
1.10
0.80
0.10
0.20
5.80
3.20
27.00
14.10
8.90
0.30
20.90
161.20
291.10
128.10
1.30
0.80
39.00
1.20
70.20
0.40
2.00
0.00
1.20
0.20
3.10
1.00
2.00
1.20
5.40
0.40
0.20
295.60
74.40
1.80
2.20
1.90
58.20
1.50
5.70
250.20
5.60
6.80
7.00
8.30
7.90
8.30
8.20
199.60
116.60
8.20
7.90
5.70
35.10
1.90
1.70
2.50
1.70
172.10
161.20
0.90
0.90
1.70
1.80
1.80
1.60
1.50
3.30
1.70
1.30
81.80
5.30
2.50
3.20
5.40
2.60
4.80
4.10
2.50
5.60
4.50
3.10
2.60
2.80
2.20
3.10
7.60
2.60
12.90
89.60
8.20
4.30
56.80
23.30
242.60
34.70
91.30
99.40
97.60
99.90
85.10
82.70
69.80
66.40
106.30
45.40
0.40
0.10
0.30
0.90
1.80
1.60
1.80
1.30
2.00
13.60
0.60
1.80
0.90
0.70
0.60
0.40
13.20
5.10
4.40
10.50
5.80
0.90
4.70
14.60
5.90
131.40
101.60
141.20
101.50
125.40
71.70
138.80
142.00
42.60
92.00
151.20
140.90
130.90
121.80
211.10
73.80
24.80
9.80
10.60
7.00
0.30
0.50
220.50
1.50
0.30
0.10
2.80
2.90
0.30
0.00
1.70
0.10
0.20
0.30
0.50
0.20
0.20
0.80
0.30
0.30
0.40
0.10
0.50
19.00
64.60
54.10
77.50
102.90
102.90
98.00
42.10
49.40
53.30
117.20
162.20
61.20
73.10
162.30
135.90
94.90
107.60
99.20
94.90
23.60
2.10
3.40
2.70
3.00
2.70
2.30
0.80
0.70
0.70
224.80
316.90
194.80
169.30
18.40
28.40
1.20
1.70
1.60
10.90
33.50
40.90
1.80
10.50
5.60
1.10
0.60
1.30
9.90
37.90
49.40
373.10
26.00
85.30
29.70
56.10
93.80
59.40
56.00
459.20
18.80
7.60
0.70
0.10
0.40
0.60
0.20
0.20
9.50
0.10
10.80
11.50
13.30
12.10
10.70
12.00
11.90
11.80
12.40
10.10
153.00
1.00
3.90
17.70
15.20
3.60
0.50
3.20
0.30
0.20
1.20
2.60
6.60
2.40
2.20
2.50
2.80
2.20
2.40
3.00
2.50
1.60
2.20
1.20
1.90
1.50
1.70
1.50
1.90
1.60
3.70
1.40
2.50
3.40
2.60
2.40
2.50
0.90
109.59
2.80
0.20
0.80
0.20
1.90
2.20
4.80
1.50
1.20
2.30
1.50
1.70
0.80
1.00
0.90
14.40
5.90
13.30
13.30
14.40
16.00
14.80
13.20
15.10
121.50
704.90
684.80
424.00
305.70
655.00
277.40
627.30
737.00
148.50
30.30
54.00
2.40
43.60
44.00
26.00
36.10
55.90
41.50
44.60
42.60
69.50
47.50
39.00
22.10
37.50
23.80
184.30
200.20
154.10
35.70
60.50
39.70
25.30
12.30
1.60
1.70
20.50
3.70
9.10
12.10
46.10
17.60
24.80
23.90
44.80
31.20
10.20
4.30
0.80
3.70
4.90
22.10
23.60
55.10
74.30
0.10
0.30
1.40
0.90
4.60
0.70
0.00
0.20
3.50
3.60
8.00
0.30
0.00
0.10
0.00
1.30
1.90
4.50
0.30
2.40
3.50
2.50
12.20
0.10
0.10
15.30
16.60
11.00
0.80
0.40
0.60
0.10
0.00
1.90
6.20
15.50
1.30
3.40
1.40
0.30
0.00
0.20
3.20
3.50
3.00
4.20
0.20
0.00
1.60
1.80
0.20
0.20
0.10
4.10
2.50
0.20
0.00
1.20
1.30
4.60
1.10
0.20
0.60
0.20
0.10
0.90
0.40
0.90
0.00
0.20
5.90
0.20
3.90
0.10
0.10
0.10
6.60
0.10
14.80
15.70
15.80
13.60
12.80
9.80
7.50
4.90
211.79
69.10
88.00
1.20
9.20
0.30
337.50
654.10
85.20
729.10
173.10
6.60
267.90
73.70
0.30
36.60
0.90
0.80
0.20
0.10
241.00
0.10
0.20
0.40
0.00
0.50
0.10
0.10
1.10
0.20
0.10
0.00
0.10
0.20
0.00
0.70
0.10
0.00
0.30
0.10
0.00
0.20
0.00
0.10
0.10
0.90
112.70
189.10
191.00
117.80
8.00
22.30
76.50
14.50
83.70
263.00
116.40
0.60
0.40
0.40
0.00
1.80
13.60
0.10
0.20
0.30
0.10
0.30
0.10
0.10
0.00
0.30
0.10
0.30
0.60
0.80
0.10
0.20
0.10
0.20
0.90
0.20
0.40
0.90
0.40
0.50
0.50
1.30
2.50
272.00
825.70
514.60
594.90
172.73
0.10
0.70
0.00
85.10
78.10
0.10
219.50
667.10
431.60
38.70
0.50
6.30
33.00
10.80
32.40
24.90
43.20
190.40
13.50
51.60
30.80
31.00
41.50
157.90
4.00
59.10
21.50
43.90
31.30
18.70
53.40
11.90
47.90
32.60
24.20
62.80
63.50
59.70
47.80
48.30
56.10
38.30
0.90
5.50
8.70
5.00
0.00
0.00
0.00
6.20
0.00
0.00
0.00
9.10
0.00
0.40
0.00
0.30
0.00
0.00
0.70
13.50
0.00
60.60
0.00
4.90
9.90
0.00
7.10
0.50
93.50
29.30
16.50
8.60
1.20
39.40
38.50
46.60
0.10
44.60
54.90
15.50
0.00
32.20
49.60
43.70
33.60
5.70
0.90
23.90
57.50
20.10
10.30
32.50
45.40
35.60
30.00
0.10
0.00
76.50
33.20
0.30
0.20
0.00
5.30
0.00
431.60
665.50
0.00
0.00
0.00
0.00
0.00
0.00
0.00
0.00
0.00
12.80
59.40
46.10
49.20
7.90
0.20
0.00
0.00
0.00
0.00
0.00
0.00
0.00
0.00
0.00
0.00
0.00
0.00
0.00
0.00
0.00
0.00
0.00
0.00
0.00
0.00
0.00
0.00
2.60
0.30
0.20
0.10
0.00
0.00
0.00
0.00
0.00
0.00
0.00
0.00
0.00
0.00
0.00
0.80
0.00
0.00
0.00
0.00
18.10
29.20
1.40
230.50
150.10
0.10
0.00
0.30
0.00
0.00
0.30
0.00
0.00
0.00
0.00
0.00
0.00
0.00
0.00
0.00
0.00
0.00
0.20
0.00
0.00
0.10
0.50
0.00
0.00
0.20
54.30
125.30
68.40
1.30
3.90
3.30
0.00
0.00
0.00
0.70
53.90
31.40
0.00
0.00
0.00
0.00
0.00
0.00
0.00
0.60
1.30
0.00
1.60
0.20
0.10
14.70
32.20
27.40
49.20
2.70
2.20
5.90
4.80
0.10
0.00
3.40
2.90
3.00
1.20
1.80
0.00
0.00
0.00
0.30
0.00
0.80
3.40
4.00
2.30
0.00
0.00
0.00
0.00
2.00
0.10
0.00
40.40
129.30
0.00
64.60
49.20
0.00
1.90
43.50
1.30
4.20
6.70
8.20
20.90
22.50
0.50
0.40
1.20
4.00
0.80
1.00
1.30
1.40
1.10
1.30
1.10
1.30
1.00
1.30
0.80
0.90
1.10
1.10
1.30
2.10
1.40
1.30
1.10
0.60
2.00
254.80
519.80
229.80
495.90
124.00
290.70
29.00
213.40
59.30
4.40
0.90
15.90
26.50
13.50
129.80
125.60
53.10
10.20
0.50
0.00
3.30
1.60
0.30
0.10
0.20
0.00
0.10
0.80
12.40
8.40
29.20
8.90
0.20
0.00
3.90
0.10
0.80
0.10
0.70
0.30
2.00
5.00
0.70
1.20
0.20
0.10
3.90
0.40
0.50
0.10
0.40
0.80
4.70
1.00
1.80
0.20
0.30
3.90
3.70
0.40
3.20
0.30
1.20
0.40
0.30
0.30
3.30
4.50
42.40
132.40
64.30
107.30
130.10
43.50
208.70
140.80
127.70
183.20
479.90
40.90
79.10
12.50
12.80
15.90
27.00
25.50
13.70
13.10
13.60
13.70
14.90
12.50
13.00
12.80
12.90
15.40
11.70
22.90
27.80
17.60
1.30
1.80
1.50
1.30
1.70
1.60
1.30
1.40
1.00
1.20
1.40
2.80
3.60
3.10
2.50
1.60
1.30
1.40
11.70
1.50
2.40
2.60
2.40
2.40
1.80
2.00
11.40
23.50
1.20
0.90
1.00
27.90
68.50
0.80
0.60
0.20
0.20
0.60
126.10
84.60
155.20
0.30
0.50
0.40
0.30
21.80
90.40
36.10
89.00
96.00
134.20
5.60
9.50
15.40
17.60
16.20
16.20
7.40
4.50
5.50
5.10
6.00
6.60
4.60
31.20
40.20
46.40
21.30
22.90
53.30
89.60
14.30
14.60
15.40
15.50
5.70
3.70
3.60
4.50
5.00
1.20
0.50
0.00
0.00
0.00
0.10
0.00
0.80
0.10
0.00
0.10
0.00
3.40
12.40
13.80
11.40
9.50
0.20
0.10
0.40
0.00
0.10
0.40
8.00
1.10
0.20
0.10
0.10
0.10
0.00
0.10
0.40
3.10
0.00
4.90
0.20
0.90
0.20
0.20
0.00
6.30
2.70
0.10
0.50
0.00
0.20
0.00
3.10
0.10
0.30
0.20
0.00
0.00
0.00
0.20
18.70
0.40
9.90
4.50
4.50
0.50
0.40
0.40
0.30
0.30
14.10
3.50
280.30
109.30
23.90
0.10
0.40
26.20
20.90
5.60
4.70
7.60
0.50
0.30
4.20
0.10
0.20
0.00
0.00
0.20
0.20
0.40
0.70
3.80
4.00
2.20
1.00
110.80
138.80
146.80
196.30
167.70
142.30
41.50
3.70
0.00
0.60
0.40
6.50
1.30
1.00
0.30
1.10
0.30
111.50
181.40
141.30
8.90
6.30
9.30
9.40
6.10
8.70
16.40
13.40
48.90
0.60
1.60
0.00
1.40
89.80
148.00
5.50
0.80
0.00
0.00
0.20
0.10
2.70
279.30
132.90
99.00
25.50
0.00
1.00
0.30
0.20
0.50
1.00
0.50
0.20
0.40
0.20
13.00
0.10
26.70
4.60
0.50
0.30
0.40
0.20
0.40
0.40
0.30
0.50
0.40
0.20
0.40
0.90
0.30
0.70
2.00
0.20
10.40
3.60
5.90
6.00
3.20
1.00
1.30
10.20
0.20
0.00
0.10
7.40
8.00
7.80
2.20
0.30
0.20
10.60
0.10
3.00
3.50
2.60
3.50
2.50
3.00
0.40
2.80
1.40
8.40
4.00
15.70
0.30
0.20
0.10
0.10
0.00
0.00
0.10
0.10
0.10
0.00
0.10
8.40
12.10
4.50
9.20
3.00
0.00
5.60
20.80
316.20
160.30
0.10
0.10
0.00
0.50
46.50
26.00
33.20
57.20
45.30
68.20
77.00
30.80
45.70
54.90
42.50
48.90
62.50
75.90
54.70
52.10
646.70
372.50
313.80
385.50
247.80
201.40
129.10
202.50
6.40
639.70
0.10
0.00
19.90
0.20
0.20
6.40
0.30
0.30
0.20
0.20
3.70
1.30
14.90
16.50
0.00
0.10
0.20
0.10
5.70
0.10
0.20
0.30
0.10
0.00
0.10
0.00
0.00
0.20
0.10
0.00
0.00
0.00
0.10
0.60
0.10
0.00
0.10
0.10
0.20
0.10
0.10
0.40
0.10
4.50
0.10
0.40
0.10
0.00
0.00
0.10
0.00
0.50
0.10
0.60
8.90
18.50
4.20
32.00
0.20
0.00
0.00
0.80
93.80
28.30
0.10
0.00
0.00
0.10
0.00
5.50
2.00
0.30
17.60
1.40
42.60
0.60
2.40
0.40
0.70
2.30
418.50
74.80
127.30
0.30
7.20
13.80
0.10
0.10
0.80
1.30
1.70
20.78
0.60
1.80
0.40
0.20
0.10
15.20
2.60
71.50
1.00
0.50
0.80
26.50
6.20
0.60
75.60
0.00
0.10
0.00
0.10
0.20
0.10
0.10
0.00
0.00
4.20
3.40
1.10
0.00
0.10
0.00
0.10
0.20
11.00
471.50
636.60
550.00
280.00
121.80
30.50
41.90
246.60
84.90
4.80
2.20
172.50
194.20
361.10
114.40
178.50
71.80
123.30
127.70
132.10
128.60
94.80
3.10
55.80
0.80
0.20
84.90
0.70
0.80
0.10
0.60
8.50
2.60
22.80
0.40
0.20
0.90
23.40
2.00
2.90
20.50
1.90
128.30
12.50
1.40
0.80
1.20
5.50
13.50
26.60
3.50
2.40
239.70
141.50
4.70
1.30
1.60
1.50
1.90
4.30
12.10
16.30
3.20
3.40
4.90
4.80
5.20
4.60
5.20
56.40
5.90
1.20
1.50
9.00
0.40
2.30
1.50
2.40
13.60
6.00
5.10
27.70
126.80
94.30
62.90
16.90
1.90
1.00
7.30
17.40
11.30
16.10
11.60
0.30
0.70
0.60
0.20
0.10
0.50
9.00
41.40
21.18
21.40
21.50
10.20
229.30
556.10
202.80
1.80
10.00
5.00
0.90
3.10
1.60
1.70
37.00
24.30
237.30
254.80
182.90
51.20
12.40
1.40
0.00
0.60
0.10
12.10
12.10
15.60
3.50
15.20
120.60
27.80
3.60
32.40
12.00
6.80
3.80
5.20
2.10
1.60
1.50
0.60
0.10
0.30
0.30
0.30
0.70
0.10
0.20
0.50
0.10
1.00
0.90
1.70
1.20
1.20
1.40
1.40
137.60
0.40
0.40
0.30
0.20
0.50
0.40
0.70
0.60
11.00
17.60
12.40
4.30
5.70
3.20
5.40
3.80
3.70
2.90
4.80
3.00
3.00
3.90
2.80
1.10
0.10
0.30
3.50
0.10
0.20
1.50
5.80
0.40
1.10
191.60
118.30
181.60
284.80
114.00
25.50
24.20
48.90
12.00
4.90
3.30
4.10
3.10
10.50
0.30
0.20
0.10
7.40
7.60
0.80
1.10
0.40
0.80
1.10
0.40
29.60
9.20
11.70
33.70
76.30
264.00
200.50
3.20
12.60
4.60
6.60
14.60
29.60
8.20
23.50
4.30
25.30
0.90
0.10
215.50
60.20
151.00
170.20
203.30
128.00
41.40
19.40
6.00
0.80
0.40
3.70
1.00
0.20
10.20
0.30
14.09
8.20
2.30
100.20
0.10
0.20
1.90
0.00
0.10
0.10
0.00
0.50
0.10
0.00
0.30
0.30
101.10
332.90
45.10
0.10
0.10
0.00
0.20
0.30
0.10
0.00
0.00
0.10
0.10
3.30
5.20
9.80
6.30
15.00
1.80
2.40
3.60
3.90
0.70
19.90
6.40
34.70
2.30
63.00
196.60
9.50
0.00
0.20
0.00
40.10
0.10
0.20
0.10
11.80
0.00
7.50
218.20
225.20
549.70
162.20
32.90
30.10
119.60
3.50
16.70
48.30
20.50
0.10
93.60
2.40
6.10
11.90
0.10
0.00
0.30
0.50
0.20
0.30
0.60
1.30
0.30
78.80
2.30
2.30
0.10
17.20
230.40
167.90
104.30
79.80
8.80
5.00
0.20
92.90
0.70
1.40
4.10
9.30
1.20
6.60
0.50
0.90
0.00
7.10
6.50
8.90
202.90
385.90
24.60
7.00
7.00
44.50
1.80
0.70
0.40
0.10
0.00
0.20
0.10
18.10
337.50
2.00
141.90
173.00
1.00
243.90
10.00
17.60
0.00
3.90
5.60
14.40
0.20
0.60
0.30
0.00
0.00
0.70
1.20
0.10
0.40
0.10
0.00
0.50
0.10
12.59
74.30
25.30
70.80
29.60
19.90
0.10
2.10
4.20
0.40
2.50
6.90
2.20
0.70
18.60
9.40
30.00
33.80
4.50
0.10
0.60
0.00
0.20
0.00
0.10
0.00
9.90
0.30
0.40
0.10
0.00
20.20
72.40
5.50
0.30
0.10
0.10
0.00
0.10
0.10
0.40
0.20
0.00
0.50
0.00
0.00
0.30
0.10
3.10
